<?xml version="1.0" encoding="UTF-8"?>
<!-- Generated by org.testng.reporters.JUnitReportReporter -->
<testsuite skipped="0" hostname="DESKTOP-UCMASAE" name="com.usa.logintest.FindPropertyTest" tests="1" failures="0" timestamp="21 Mar 2020 03:22:17 GMT" time="25.749" errors="0">
  <testcase name="findProperties" time="25.749" classname="com.usa.logintest.FindPropertyTest"/>
</testsuite> <!-- com.usa.logintest.FindPropertyTest -->
