<?xml version="1.0" encoding="UTF-8"?>
<!-- Generated by org.testng.reporters.JUnitReportReporter -->
<testsuite skipped="0" hostname="DESKTOP-UCMASAE" name="com.usa.logintest.LoginTest" tests="1" failures="0" timestamp="21 Mar 2020 03:22:17 GMT" time="19.695" errors="0">
  <testcase name="getLoginValidation" time="19.695" classname="com.usa.logintest.LoginTest"/>
</testsuite> <!-- com.usa.logintest.LoginTest -->
