<?xml version="1.0" encoding="UTF-8"?>
<!-- Generated by org.testng.reporters.JUnitReportReporter -->
<testsuite skipped="0" hostname="DESKTOP-UCMASAE" name="com.usa.myrunner.MyRunner" tests="2" failures="0" timestamp="21 Mar 2020 03:22:17 GMT" time="49.455" errors="0">
  <testcase name="feature" time="16.368" classname="com.usa.myrunner.MyRunner"/>
  <testcase name="feature" time="33.087" classname="com.usa.myrunner.MyRunner"/>
</testsuite> <!-- com.usa.myrunner.MyRunner -->
